E:\SEMESTER_7\NHAP MON GAME\DO AN\GAMETUTORIAL\DEBUG\CLOADBACKGROUND.OBJ
E:\SEMESTER_7\NHAP MON GAME\DO AN\GAMETUTORIAL\DEBUG\CLOADGAMEOBJECT.OBJ
E:\SEMESTER_7\NHAP MON GAME\DO AN\GAMETUTORIAL\DEBUG\CMANAGEMENTTEXTURE.OBJ
E:\SEMESTER_7\NHAP MON GAME\DO AN\GAMETUTORIAL\DEBUG\CQUADNODE.OBJ
E:\SEMESTER_7\NHAP MON GAME\DO AN\GAMETUTORIAL\DEBUG\CQUADOBJECT.OBJ
E:\SEMESTER_7\NHAP MON GAME\DO AN\GAMETUTORIAL\DEBUG\CQUADTREE.OBJ
E:\SEMESTER_7\NHAP MON GAME\DO AN\GAMETUTORIAL\DEBUG\CSPRITE.OBJ
E:\SEMESTER_7\NHAP MON GAME\DO AN\GAMETUTORIAL\DEBUG\CSTATE.OBJ
E:\SEMESTER_7\NHAP MON GAME\DO AN\GAMETUTORIAL\DEBUG\CSTATEGAMEPLAY.OBJ
E:\SEMESTER_7\NHAP MON GAME\DO AN\GAMETUTORIAL\DEBUG\CSTATEMENU.OBJ
E:\SEMESTER_7\NHAP MON GAME\DO AN\GAMETUTORIAL\DEBUG\CSWEAPON.OBJ
E:\SEMESTER_7\NHAP MON GAME\DO AN\GAMETUTORIAL\DEBUG\CTEXTURE.OBJ
E:\SEMESTER_7\NHAP MON GAME\DO AN\GAMETUTORIAL\DEBUG\CVIEW.OBJ
E:\SEMESTER_7\NHAP MON GAME\DO AN\GAMETUTORIAL\DEBUG\CDYNAMICOBJECT.OBJ
E:\SEMESTER_7\NHAP MON GAME\DO AN\GAMETUTORIAL\DEBUG\CWALLTURRET.OBJ
E:\SEMESTER_7\NHAP MON GAME\DO AN\GAMETUTORIAL\DEBUG\CWEAPON.OBJ
E:\SEMESTER_7\NHAP MON GAME\DO AN\GAMETUTORIAL\DEBUG\CENEMYEFFECT.OBJ
E:\SEMESTER_7\NHAP MON GAME\DO AN\GAMETUTORIAL\DEBUG\MAIN.OBJ
E:\SEMESTER_7\NHAP MON GAME\DO AN\GAMETUTORIAL\DEBUG\CSTATEMANAGEMENT.OBJ
E:\SEMESTER_7\NHAP MON GAME\DO AN\GAMETUTORIAL\DEBUG\CSTATICOBJECT.OBJ
E:\SEMESTER_7\NHAP MON GAME\DO AN\GAMETUTORIAL\DEBUG\CBULLETN.OBJ
E:\SEMESTER_7\NHAP MON GAME\DO AN\GAMETUTORIAL\DEBUG\CBULLETS.OBJ
E:\SEMESTER_7\NHAP MON GAME\DO AN\GAMETUTORIAL\DEBUG\CCAMERA.OBJ
E:\SEMESTER_7\NHAP MON GAME\DO AN\GAMETUTORIAL\DEBUG\CCOLLISION.OBJ
E:\SEMESTER_7\NHAP MON GAME\DO AN\GAMETUTORIAL\DEBUG\CCONTRA.OBJ
E:\SEMESTER_7\NHAP MON GAME\DO AN\GAMETUTORIAL\DEBUG\CDEVICE.OBJ
E:\SEMESTER_7\NHAP MON GAME\DO AN\GAMETUTORIAL\DEBUG\CDRAWOBJECT.OBJ
E:\SEMESTER_7\NHAP MON GAME\DO AN\GAMETUTORIAL\DEBUG\CEXPLOSIONEFFECT.OBJ
E:\SEMESTER_7\NHAP MON GAME\DO AN\GAMETUTORIAL\DEBUG\CFILECONFIG.OBJ
E:\SEMESTER_7\NHAP MON GAME\DO AN\GAMETUTORIAL\DEBUG\CGROUNDCANNON.OBJ
E:\SEMESTER_7\NHAP MON GAME\DO AN\GAMETUTORIAL\DEBUG\CSNIPER.OBJ
E:\SEMESTER_7\NHAP MON GAME\DO AN\GAMETUTORIAL\DEBUG\CSOLDIER.OBJ
E:\SEMESTER_7\NHAP MON GAME\DO AN\GAMETUTORIAL\DEBUG\CFACTORYDYNAMICOBJECT.OBJ
E:\SEMESTER_7\NHAP MON GAME\DO AN\GAMETUTORIAL\DEBUG\CFACTORYSTATICOBJECT.OBJ
E:\SEMESTER_7\NHAP MON GAME\DO AN\GAMETUTORIAL\DEBUG\CFILEUTIL.OBJ
E:\SEMESTER_7\NHAP MON GAME\DO AN\GAMETUTORIAL\DEBUG\CGAME.OBJ
E:\SEMESTER_7\NHAP MON GAME\DO AN\GAMETUTORIAL\DEBUG\CGAMECONTRA.OBJ
E:\SEMESTER_7\NHAP MON GAME\DO AN\GAMETUTORIAL\DEBUG\CGAMEOBJECT.OBJ
E:\SEMESTER_7\NHAP MON GAME\DO AN\GAMETUTORIAL\DEBUG\CHIDENOBJECT.OBJ
E:\SEMESTER_7\NHAP MON GAME\DO AN\GAMETUTORIAL\DEBUG\CINPUT.OBJ
E:\SEMESTER_7\NHAP MON GAME\DO AN\GAMETUTORIAL\DEBUG\CANIMATION.OBJ
E:\SEMESTER_7\NHAP MON GAME\DO AN\GAMETUTORIAL\DEBUG\CBULLET.OBJ
E:\SEMESTER_7\NHAP MON GAME\DO AN\GAMETUTORIAL\DEBUG\CBULLETF.OBJ
E:\SEMESTER_7\NHAP MON GAME\DO AN\GAMETUTORIAL\DEBUG\CBULLETITEM.OBJ
E:\SEMESTER_7\NHAP MON GAME\DO AN\GAMETUTORIAL\DEBUG\CBULLETL.OBJ
E:\SEMESTER_7\NHAP MON GAME\DO AN\GAMETUTORIAL\DEBUG\CBULLETM.OBJ
E:\SEMESTER_7\NHAP MON GAME\DO AN\GAMETUTORIAL\DEBUG\VC110.PDB
E:\SEMESTER_7\NHAP MON GAME\DO AN\GAMETUTORIAL\DEBUG\CBULLETDEFENSECANNON.OBJ
E:\SEMESTER_7\NHAP MON GAME\DO AN\GAMETUTORIAL\DEBUG\CDEFENSECANNON.OBJ
E:\SEMESTER_7\NHAP MON GAME\DO AN\GAMETUTORIAL\DEBUG\CDEFENSECANNONGUN.OBJ
E:\SEMESTER_7\NHAP MON GAME\DO AN\GAMETUTORIAL\DEBUG\CDEFENSECANNONTURRET.OBJ
E:\SEMESTER_7\NHAP MON GAME\DO AN\GAMETUTORIAL\DEBUG\CPOOLINGOBJECT.OBJ
E:\SEMESTER_7\NHAP MON GAME\DO AN\GAMETUTORIAL\DEBUG\CBRIDGE.OBJ
E:\SEMESTER_7\NHAP MON GAME\DO AN\GAMETUTORIAL\DEBUG\CMANAGEAUDIO.OBJ
E:\SEMESTER_7\NHAP MON GAME\DO AN\GAMETUTORIAL\DEBUG\CSOUNDUTIL.OBJ
E:\SEMESTER_7\NHAP MON GAME\DO AN\GAMETUTORIAL\DEBUG\CSUBARM.OBJ
E:\SEMESTER_7\NHAP MON GAME\DO AN\DEBUG\GAMETUTORIAL.ILK
E:\SEMESTER_7\NHAP MON GAME\DO AN\DEBUG\GAMETUTORIAL.EXE
E:\SEMESTER_7\NHAP MON GAME\DO AN\DEBUG\GAMETUTORIAL.PDB
E:\SEMESTER_7\Nhap mon game\Do An\GameTutorial\Debug\CAnimation.obj
E:\SEMESTER_7\Nhap mon game\Do An\GameTutorial\Debug\CBridge.obj
E:\SEMESTER_7\Nhap mon game\Do An\GameTutorial\Debug\CBullet.obj
E:\SEMESTER_7\Nhap mon game\Do An\GameTutorial\Debug\CBulletDefenseCannon.obj
E:\SEMESTER_7\Nhap mon game\Do An\GameTutorial\Debug\CBulletF.obj
E:\SEMESTER_7\Nhap mon game\Do An\GameTutorial\Debug\CBulletItem.obj
E:\SEMESTER_7\Nhap mon game\Do An\GameTutorial\Debug\CBulletL.obj
E:\SEMESTER_7\Nhap mon game\Do An\GameTutorial\Debug\CBulletM.obj
E:\SEMESTER_7\Nhap mon game\Do An\GameTutorial\Debug\CBulletN.obj
E:\SEMESTER_7\Nhap mon game\Do An\GameTutorial\Debug\CBulletS.obj
E:\SEMESTER_7\Nhap mon game\Do An\GameTutorial\Debug\CCamera.obj
E:\SEMESTER_7\Nhap mon game\Do An\GameTutorial\Debug\CCollision.obj
E:\SEMESTER_7\Nhap mon game\Do An\GameTutorial\Debug\CContra.obj
E:\SEMESTER_7\Nhap mon game\Do An\GameTutorial\Debug\CDefenseCannon.obj
E:\SEMESTER_7\Nhap mon game\Do An\GameTutorial\Debug\CDefenseCannonGun.obj
E:\SEMESTER_7\Nhap mon game\Do An\GameTutorial\Debug\CDefenseCannonTurret.obj
E:\SEMESTER_7\Nhap mon game\Do An\GameTutorial\Debug\CDevice.obj
E:\SEMESTER_7\Nhap mon game\Do An\GameTutorial\Debug\CDrawObject.obj
E:\SEMESTER_7\Nhap mon game\Do An\GameTutorial\Debug\CDynamicObject.obj
E:\SEMESTER_7\Nhap mon game\Do An\GameTutorial\Debug\CEnemyEffect.obj
E:\SEMESTER_7\Nhap mon game\Do An\GameTutorial\Debug\CExplosionEffect.obj
E:\SEMESTER_7\Nhap mon game\Do An\GameTutorial\Debug\CFactoryDynamicObject.obj
E:\SEMESTER_7\Nhap mon game\Do An\GameTutorial\Debug\CFactoryStaticObject.obj
E:\SEMESTER_7\Nhap mon game\Do An\GameTutorial\Debug\CFileConfig.obj
E:\SEMESTER_7\Nhap mon game\Do An\GameTutorial\Debug\CFileUtil.obj
E:\SEMESTER_7\Nhap mon game\Do An\GameTutorial\Debug\CGame.obj
E:\SEMESTER_7\Nhap mon game\Do An\GameTutorial\Debug\CGameContra.obj
E:\SEMESTER_7\Nhap mon game\Do An\GameTutorial\Debug\CGameObject.obj
E:\SEMESTER_7\Nhap mon game\Do An\GameTutorial\Debug\CGroundCannon.obj
E:\SEMESTER_7\Nhap mon game\Do An\GameTutorial\Debug\CHidenObject.obj
E:\SEMESTER_7\Nhap mon game\Do An\GameTutorial\Debug\CInput.obj
E:\SEMESTER_7\Nhap mon game\Do An\GameTutorial\Debug\CLoadBackGround.obj
E:\SEMESTER_7\Nhap mon game\Do An\GameTutorial\Debug\CLoadGameObject.obj
E:\SEMESTER_7\Nhap mon game\Do An\GameTutorial\Debug\CManageAudio.obj
E:\SEMESTER_7\Nhap mon game\Do An\GameTutorial\Debug\CManagementTexture.obj
E:\SEMESTER_7\Nhap mon game\Do An\GameTutorial\Debug\CPoolingObject.obj
E:\SEMESTER_7\Nhap mon game\Do An\GameTutorial\Debug\CQuadNode.obj
E:\SEMESTER_7\Nhap mon game\Do An\GameTutorial\Debug\CQuadObject.obj
E:\SEMESTER_7\Nhap mon game\Do An\GameTutorial\Debug\CQuadTree.obj
E:\SEMESTER_7\Nhap mon game\Do An\GameTutorial\Debug\CSniper.obj
E:\SEMESTER_7\Nhap mon game\Do An\GameTutorial\Debug\CSoldier.obj
E:\SEMESTER_7\Nhap mon game\Do An\GameTutorial\Debug\CSoundUtil.obj
E:\SEMESTER_7\Nhap mon game\Do An\GameTutorial\Debug\CSprite.obj
E:\SEMESTER_7\Nhap mon game\Do An\GameTutorial\Debug\CState.obj
E:\SEMESTER_7\Nhap mon game\Do An\GameTutorial\Debug\CStateGamePlay.obj
E:\SEMESTER_7\Nhap mon game\Do An\GameTutorial\Debug\CStateManagement.obj
E:\SEMESTER_7\Nhap mon game\Do An\GameTutorial\Debug\CStateMenu.obj
E:\SEMESTER_7\Nhap mon game\Do An\GameTutorial\Debug\CStaticObject.obj
E:\SEMESTER_7\Nhap mon game\Do An\GameTutorial\Debug\CSubArm.obj
E:\SEMESTER_7\Nhap mon game\Do An\GameTutorial\Debug\CSWeapon.obj
E:\SEMESTER_7\Nhap mon game\Do An\GameTutorial\Debug\CTexture.obj
E:\SEMESTER_7\Nhap mon game\Do An\GameTutorial\Debug\CView.obj
E:\SEMESTER_7\Nhap mon game\Do An\GameTutorial\Debug\CWallTurret.obj
E:\SEMESTER_7\Nhap mon game\Do An\GameTutorial\Debug\CWeapon.obj
E:\SEMESTER_7\Nhap mon game\Do An\GameTutorial\Debug\main.obj
E:\SEMESTER_7\Nhap mon game\Do An\GameTutorial\Debug\cl.command.1.tlog
E:\SEMESTER_7\Nhap mon game\Do An\GameTutorial\Debug\CL.read.1.tlog
E:\SEMESTER_7\Nhap mon game\Do An\GameTutorial\Debug\CL.write.1.tlog
E:\SEMESTER_7\Nhap mon game\Do An\GameTutorial\Debug\link-cvtres.read.1.tlog
E:\SEMESTER_7\Nhap mon game\Do An\GameTutorial\Debug\link-cvtres.write.1.tlog
E:\SEMESTER_7\Nhap mon game\Do An\GameTutorial\Debug\link-rc.read.1.tlog
E:\SEMESTER_7\Nhap mon game\Do An\GameTutorial\Debug\link-rc.write.1.tlog
E:\SEMESTER_7\Nhap mon game\Do An\GameTutorial\Debug\link.1808-cvtres.read.1.tlog
E:\SEMESTER_7\Nhap mon game\Do An\GameTutorial\Debug\link.1808-cvtres.write.1.tlog
E:\SEMESTER_7\Nhap mon game\Do An\GameTutorial\Debug\link.1808-rc.read.1.tlog
E:\SEMESTER_7\Nhap mon game\Do An\GameTutorial\Debug\link.1808-rc.write.1.tlog
E:\SEMESTER_7\Nhap mon game\Do An\GameTutorial\Debug\link.1808.read.1.tlog
E:\SEMESTER_7\Nhap mon game\Do An\GameTutorial\Debug\link.1808.write.1.tlog
E:\SEMESTER_7\Nhap mon game\Do An\GameTutorial\Debug\link.1996-cvtres.read.1.tlog
E:\SEMESTER_7\Nhap mon game\Do An\GameTutorial\Debug\link.1996-cvtres.write.1.tlog
E:\SEMESTER_7\Nhap mon game\Do An\GameTutorial\Debug\link.1996-rc.read.1.tlog
E:\SEMESTER_7\Nhap mon game\Do An\GameTutorial\Debug\link.1996-rc.write.1.tlog
E:\SEMESTER_7\Nhap mon game\Do An\GameTutorial\Debug\link.1996.read.1.tlog
E:\SEMESTER_7\Nhap mon game\Do An\GameTutorial\Debug\link.1996.write.1.tlog
E:\SEMESTER_7\Nhap mon game\Do An\GameTutorial\Debug\link.2068-cvtres.read.1.tlog
E:\SEMESTER_7\Nhap mon game\Do An\GameTutorial\Debug\link.2068-cvtres.write.1.tlog
E:\SEMESTER_7\Nhap mon game\Do An\GameTutorial\Debug\link.2068-rc.read.1.tlog
E:\SEMESTER_7\Nhap mon game\Do An\GameTutorial\Debug\link.2068-rc.write.1.tlog
E:\SEMESTER_7\Nhap mon game\Do An\GameTutorial\Debug\link.2068.read.1.tlog
E:\SEMESTER_7\Nhap mon game\Do An\GameTutorial\Debug\link.2068.write.1.tlog
E:\SEMESTER_7\Nhap mon game\Do An\GameTutorial\Debug\link.2188-cvtres.read.1.tlog
E:\SEMESTER_7\Nhap mon game\Do An\GameTutorial\Debug\link.2188-cvtres.write.1.tlog
E:\SEMESTER_7\Nhap mon game\Do An\GameTutorial\Debug\link.2188-rc.read.1.tlog
E:\SEMESTER_7\Nhap mon game\Do An\GameTutorial\Debug\link.2188-rc.write.1.tlog
E:\SEMESTER_7\Nhap mon game\Do An\GameTutorial\Debug\link.2188.read.1.tlog
E:\SEMESTER_7\Nhap mon game\Do An\GameTutorial\Debug\link.2188.write.1.tlog
E:\SEMESTER_7\Nhap mon game\Do An\GameTutorial\Debug\link.240-cvtres.read.1.tlog
E:\SEMESTER_7\Nhap mon game\Do An\GameTutorial\Debug\link.240-cvtres.write.1.tlog
E:\SEMESTER_7\Nhap mon game\Do An\GameTutorial\Debug\link.240-rc.read.1.tlog
E:\SEMESTER_7\Nhap mon game\Do An\GameTutorial\Debug\link.240-rc.write.1.tlog
E:\SEMESTER_7\Nhap mon game\Do An\GameTutorial\Debug\link.240.read.1.tlog
E:\SEMESTER_7\Nhap mon game\Do An\GameTutorial\Debug\link.240.write.1.tlog
E:\SEMESTER_7\Nhap mon game\Do An\GameTutorial\Debug\link.2484-cvtres.read.1.tlog
E:\SEMESTER_7\Nhap mon game\Do An\GameTutorial\Debug\link.2484-cvtres.write.1.tlog
E:\SEMESTER_7\Nhap mon game\Do An\GameTutorial\Debug\link.2484-rc.read.1.tlog
E:\SEMESTER_7\Nhap mon game\Do An\GameTutorial\Debug\link.2484-rc.write.1.tlog
E:\SEMESTER_7\Nhap mon game\Do An\GameTutorial\Debug\link.2484.read.1.tlog
E:\SEMESTER_7\Nhap mon game\Do An\GameTutorial\Debug\link.2484.write.1.tlog
E:\SEMESTER_7\Nhap mon game\Do An\GameTutorial\Debug\link.2824-cvtres.read.1.tlog
E:\SEMESTER_7\Nhap mon game\Do An\GameTutorial\Debug\link.2824-cvtres.write.1.tlog
E:\SEMESTER_7\Nhap mon game\Do An\GameTutorial\Debug\link.2824-rc.read.1.tlog
E:\SEMESTER_7\Nhap mon game\Do An\GameTutorial\Debug\link.2824-rc.write.1.tlog
E:\SEMESTER_7\Nhap mon game\Do An\GameTutorial\Debug\link.2824.read.1.tlog
E:\SEMESTER_7\Nhap mon game\Do An\GameTutorial\Debug\link.2824.write.1.tlog
E:\SEMESTER_7\Nhap mon game\Do An\GameTutorial\Debug\link.2872-cvtres.read.1.tlog
E:\SEMESTER_7\Nhap mon game\Do An\GameTutorial\Debug\link.2872-cvtres.write.1.tlog
E:\SEMESTER_7\Nhap mon game\Do An\GameTutorial\Debug\link.2872-rc.read.1.tlog
E:\SEMESTER_7\Nhap mon game\Do An\GameTutorial\Debug\link.2872-rc.write.1.tlog
E:\SEMESTER_7\Nhap mon game\Do An\GameTutorial\Debug\link.2872.read.1.tlog
E:\SEMESTER_7\Nhap mon game\Do An\GameTutorial\Debug\link.2872.write.1.tlog
E:\SEMESTER_7\Nhap mon game\Do An\GameTutorial\Debug\link.3392-cvtres.read.1.tlog
E:\SEMESTER_7\Nhap mon game\Do An\GameTutorial\Debug\link.3392-cvtres.write.1.tlog
E:\SEMESTER_7\Nhap mon game\Do An\GameTutorial\Debug\link.3392-rc.read.1.tlog
E:\SEMESTER_7\Nhap mon game\Do An\GameTutorial\Debug\link.3392-rc.write.1.tlog
E:\SEMESTER_7\Nhap mon game\Do An\GameTutorial\Debug\link.3392.read.1.tlog
E:\SEMESTER_7\Nhap mon game\Do An\GameTutorial\Debug\link.3392.write.1.tlog
E:\SEMESTER_7\Nhap mon game\Do An\GameTutorial\Debug\link.3584-cvtres.read.1.tlog
E:\SEMESTER_7\Nhap mon game\Do An\GameTutorial\Debug\link.3584-cvtres.write.1.tlog
E:\SEMESTER_7\Nhap mon game\Do An\GameTutorial\Debug\link.3584-rc.read.1.tlog
E:\SEMESTER_7\Nhap mon game\Do An\GameTutorial\Debug\link.3584-rc.write.1.tlog
E:\SEMESTER_7\Nhap mon game\Do An\GameTutorial\Debug\link.3584.read.1.tlog
E:\SEMESTER_7\Nhap mon game\Do An\GameTutorial\Debug\link.3584.write.1.tlog
E:\SEMESTER_7\Nhap mon game\Do An\GameTutorial\Debug\link.3764-cvtres.read.1.tlog
E:\SEMESTER_7\Nhap mon game\Do An\GameTutorial\Debug\link.3764-cvtres.write.1.tlog
E:\SEMESTER_7\Nhap mon game\Do An\GameTutorial\Debug\link.3764-rc.read.1.tlog
E:\SEMESTER_7\Nhap mon game\Do An\GameTutorial\Debug\link.3764-rc.write.1.tlog
E:\SEMESTER_7\Nhap mon game\Do An\GameTutorial\Debug\link.3764.read.1.tlog
E:\SEMESTER_7\Nhap mon game\Do An\GameTutorial\Debug\link.3764.write.1.tlog
E:\SEMESTER_7\Nhap mon game\Do An\GameTutorial\Debug\link.4312-cvtres.read.1.tlog
E:\SEMESTER_7\Nhap mon game\Do An\GameTutorial\Debug\link.4312-cvtres.write.1.tlog
E:\SEMESTER_7\Nhap mon game\Do An\GameTutorial\Debug\link.4312-rc.read.1.tlog
E:\SEMESTER_7\Nhap mon game\Do An\GameTutorial\Debug\link.4312-rc.write.1.tlog
E:\SEMESTER_7\Nhap mon game\Do An\GameTutorial\Debug\link.4312.read.1.tlog
E:\SEMESTER_7\Nhap mon game\Do An\GameTutorial\Debug\link.4312.write.1.tlog
E:\SEMESTER_7\Nhap mon game\Do An\GameTutorial\Debug\link.4440-cvtres.read.1.tlog
E:\SEMESTER_7\Nhap mon game\Do An\GameTutorial\Debug\link.4440-cvtres.write.1.tlog
E:\SEMESTER_7\Nhap mon game\Do An\GameTutorial\Debug\link.4440-rc.read.1.tlog
E:\SEMESTER_7\Nhap mon game\Do An\GameTutorial\Debug\link.4440-rc.write.1.tlog
E:\SEMESTER_7\Nhap mon game\Do An\GameTutorial\Debug\link.4440.read.1.tlog
E:\SEMESTER_7\Nhap mon game\Do An\GameTutorial\Debug\link.4440.write.1.tlog
E:\SEMESTER_7\Nhap mon game\Do An\GameTutorial\Debug\link.4620-cvtres.read.1.tlog
E:\SEMESTER_7\Nhap mon game\Do An\GameTutorial\Debug\link.4620-cvtres.write.1.tlog
E:\SEMESTER_7\Nhap mon game\Do An\GameTutorial\Debug\link.4620-rc.read.1.tlog
E:\SEMESTER_7\Nhap mon game\Do An\GameTutorial\Debug\link.4620-rc.write.1.tlog
E:\SEMESTER_7\Nhap mon game\Do An\GameTutorial\Debug\link.4620.read.1.tlog
E:\SEMESTER_7\Nhap mon game\Do An\GameTutorial\Debug\link.4620.write.1.tlog
E:\SEMESTER_7\Nhap mon game\Do An\GameTutorial\Debug\link.4880-cvtres.read.1.tlog
E:\SEMESTER_7\Nhap mon game\Do An\GameTutorial\Debug\link.4880-cvtres.write.1.tlog
E:\SEMESTER_7\Nhap mon game\Do An\GameTutorial\Debug\link.4880-rc.read.1.tlog
E:\SEMESTER_7\Nhap mon game\Do An\GameTutorial\Debug\link.4880-rc.write.1.tlog
E:\SEMESTER_7\Nhap mon game\Do An\GameTutorial\Debug\link.4880.read.1.tlog
E:\SEMESTER_7\Nhap mon game\Do An\GameTutorial\Debug\link.4880.write.1.tlog
E:\SEMESTER_7\Nhap mon game\Do An\GameTutorial\Debug\link.5028-cvtres.read.1.tlog
E:\SEMESTER_7\Nhap mon game\Do An\GameTutorial\Debug\link.5028-cvtres.write.1.tlog
E:\SEMESTER_7\Nhap mon game\Do An\GameTutorial\Debug\link.5028-rc.read.1.tlog
E:\SEMESTER_7\Nhap mon game\Do An\GameTutorial\Debug\link.5028-rc.write.1.tlog
E:\SEMESTER_7\Nhap mon game\Do An\GameTutorial\Debug\link.5028.read.1.tlog
E:\SEMESTER_7\Nhap mon game\Do An\GameTutorial\Debug\link.5028.write.1.tlog
E:\SEMESTER_7\Nhap mon game\Do An\GameTutorial\Debug\link.5060-cvtres.read.1.tlog
E:\SEMESTER_7\Nhap mon game\Do An\GameTutorial\Debug\link.5060-cvtres.write.1.tlog
E:\SEMESTER_7\Nhap mon game\Do An\GameTutorial\Debug\link.5060-rc.read.1.tlog
E:\SEMESTER_7\Nhap mon game\Do An\GameTutorial\Debug\link.5060-rc.write.1.tlog
E:\SEMESTER_7\Nhap mon game\Do An\GameTutorial\Debug\link.5060.read.1.tlog
E:\SEMESTER_7\Nhap mon game\Do An\GameTutorial\Debug\link.5060.write.1.tlog
E:\SEMESTER_7\Nhap mon game\Do An\GameTutorial\Debug\link.5072-cvtres.read.1.tlog
E:\SEMESTER_7\Nhap mon game\Do An\GameTutorial\Debug\link.5072-cvtres.write.1.tlog
E:\SEMESTER_7\Nhap mon game\Do An\GameTutorial\Debug\link.5072-rc.read.1.tlog
E:\SEMESTER_7\Nhap mon game\Do An\GameTutorial\Debug\link.5072-rc.write.1.tlog
E:\SEMESTER_7\Nhap mon game\Do An\GameTutorial\Debug\link.5072.read.1.tlog
E:\SEMESTER_7\Nhap mon game\Do An\GameTutorial\Debug\link.5072.write.1.tlog
E:\SEMESTER_7\Nhap mon game\Do An\GameTutorial\Debug\link.5224-cvtres.read.1.tlog
E:\SEMESTER_7\Nhap mon game\Do An\GameTutorial\Debug\link.5224-cvtres.write.1.tlog
E:\SEMESTER_7\Nhap mon game\Do An\GameTutorial\Debug\link.5224-rc.read.1.tlog
E:\SEMESTER_7\Nhap mon game\Do An\GameTutorial\Debug\link.5224-rc.write.1.tlog
E:\SEMESTER_7\Nhap mon game\Do An\GameTutorial\Debug\link.5224.read.1.tlog
E:\SEMESTER_7\Nhap mon game\Do An\GameTutorial\Debug\link.5224.write.1.tlog
E:\SEMESTER_7\Nhap mon game\Do An\GameTutorial\Debug\link.5252-cvtres.read.1.tlog
E:\SEMESTER_7\Nhap mon game\Do An\GameTutorial\Debug\link.5252-cvtres.write.1.tlog
E:\SEMESTER_7\Nhap mon game\Do An\GameTutorial\Debug\link.5252-rc.read.1.tlog
E:\SEMESTER_7\Nhap mon game\Do An\GameTutorial\Debug\link.5252-rc.write.1.tlog
E:\SEMESTER_7\Nhap mon game\Do An\GameTutorial\Debug\link.5252.read.1.tlog
E:\SEMESTER_7\Nhap mon game\Do An\GameTutorial\Debug\link.5252.write.1.tlog
E:\SEMESTER_7\Nhap mon game\Do An\GameTutorial\Debug\link.5404-cvtres.read.1.tlog
E:\SEMESTER_7\Nhap mon game\Do An\GameTutorial\Debug\link.5404-cvtres.write.1.tlog
E:\SEMESTER_7\Nhap mon game\Do An\GameTutorial\Debug\link.5404-rc.read.1.tlog
E:\SEMESTER_7\Nhap mon game\Do An\GameTutorial\Debug\link.5404-rc.write.1.tlog
E:\SEMESTER_7\Nhap mon game\Do An\GameTutorial\Debug\link.5404.read.1.tlog
E:\SEMESTER_7\Nhap mon game\Do An\GameTutorial\Debug\link.5404.write.1.tlog
E:\SEMESTER_7\Nhap mon game\Do An\GameTutorial\Debug\link.5440-cvtres.read.1.tlog
E:\SEMESTER_7\Nhap mon game\Do An\GameTutorial\Debug\link.5440-cvtres.write.1.tlog
E:\SEMESTER_7\Nhap mon game\Do An\GameTutorial\Debug\link.5440-rc.read.1.tlog
E:\SEMESTER_7\Nhap mon game\Do An\GameTutorial\Debug\link.5440-rc.write.1.tlog
E:\SEMESTER_7\Nhap mon game\Do An\GameTutorial\Debug\link.5440.read.1.tlog
E:\SEMESTER_7\Nhap mon game\Do An\GameTutorial\Debug\link.5440.write.1.tlog
E:\SEMESTER_7\Nhap mon game\Do An\GameTutorial\Debug\link.5664-cvtres.read.1.tlog
E:\SEMESTER_7\Nhap mon game\Do An\GameTutorial\Debug\link.5664-cvtres.write.1.tlog
E:\SEMESTER_7\Nhap mon game\Do An\GameTutorial\Debug\link.5664-rc.read.1.tlog
E:\SEMESTER_7\Nhap mon game\Do An\GameTutorial\Debug\link.5664-rc.write.1.tlog
E:\SEMESTER_7\Nhap mon game\Do An\GameTutorial\Debug\link.5664.read.1.tlog
E:\SEMESTER_7\Nhap mon game\Do An\GameTutorial\Debug\link.5664.write.1.tlog
E:\SEMESTER_7\Nhap mon game\Do An\GameTutorial\Debug\link.5828-cvtres.read.1.tlog
E:\SEMESTER_7\Nhap mon game\Do An\GameTutorial\Debug\link.5828-cvtres.write.1.tlog
E:\SEMESTER_7\Nhap mon game\Do An\GameTutorial\Debug\link.5828-rc.read.1.tlog
E:\SEMESTER_7\Nhap mon game\Do An\GameTutorial\Debug\link.5828-rc.write.1.tlog
E:\SEMESTER_7\Nhap mon game\Do An\GameTutorial\Debug\link.5828.read.1.tlog
E:\SEMESTER_7\Nhap mon game\Do An\GameTutorial\Debug\link.5828.write.1.tlog
E:\SEMESTER_7\Nhap mon game\Do An\GameTutorial\Debug\link.5888-cvtres.read.1.tlog
E:\SEMESTER_7\Nhap mon game\Do An\GameTutorial\Debug\link.5888-cvtres.write.1.tlog
E:\SEMESTER_7\Nhap mon game\Do An\GameTutorial\Debug\link.5888-rc.read.1.tlog
E:\SEMESTER_7\Nhap mon game\Do An\GameTutorial\Debug\link.5888-rc.write.1.tlog
E:\SEMESTER_7\Nhap mon game\Do An\GameTutorial\Debug\link.5888.read.1.tlog
E:\SEMESTER_7\Nhap mon game\Do An\GameTutorial\Debug\link.5888.write.1.tlog
E:\SEMESTER_7\Nhap mon game\Do An\GameTutorial\Debug\link.5936-cvtres.read.1.tlog
E:\SEMESTER_7\Nhap mon game\Do An\GameTutorial\Debug\link.5936-cvtres.write.1.tlog
E:\SEMESTER_7\Nhap mon game\Do An\GameTutorial\Debug\link.5936-rc.read.1.tlog
E:\SEMESTER_7\Nhap mon game\Do An\GameTutorial\Debug\link.5936-rc.write.1.tlog
E:\SEMESTER_7\Nhap mon game\Do An\GameTutorial\Debug\link.5936.read.1.tlog
E:\SEMESTER_7\Nhap mon game\Do An\GameTutorial\Debug\link.5936.write.1.tlog
E:\SEMESTER_7\Nhap mon game\Do An\GameTutorial\Debug\link.5948-cvtres.read.1.tlog
E:\SEMESTER_7\Nhap mon game\Do An\GameTutorial\Debug\link.5948-cvtres.write.1.tlog
E:\SEMESTER_7\Nhap mon game\Do An\GameTutorial\Debug\link.5948-rc.read.1.tlog
E:\SEMESTER_7\Nhap mon game\Do An\GameTutorial\Debug\link.5948-rc.write.1.tlog
E:\SEMESTER_7\Nhap mon game\Do An\GameTutorial\Debug\link.5948.read.1.tlog
E:\SEMESTER_7\Nhap mon game\Do An\GameTutorial\Debug\link.5948.write.1.tlog
E:\SEMESTER_7\Nhap mon game\Do An\GameTutorial\Debug\link.5952-cvtres.read.1.tlog
E:\SEMESTER_7\Nhap mon game\Do An\GameTutorial\Debug\link.5952-cvtres.write.1.tlog
E:\SEMESTER_7\Nhap mon game\Do An\GameTutorial\Debug\link.5952-rc.read.1.tlog
E:\SEMESTER_7\Nhap mon game\Do An\GameTutorial\Debug\link.5952-rc.write.1.tlog
E:\SEMESTER_7\Nhap mon game\Do An\GameTutorial\Debug\link.5952.read.1.tlog
E:\SEMESTER_7\Nhap mon game\Do An\GameTutorial\Debug\link.5952.write.1.tlog
E:\SEMESTER_7\Nhap mon game\Do An\GameTutorial\Debug\link.5964-cvtres.read.1.tlog
E:\SEMESTER_7\Nhap mon game\Do An\GameTutorial\Debug\link.5964-cvtres.write.1.tlog
E:\SEMESTER_7\Nhap mon game\Do An\GameTutorial\Debug\link.5964-rc.read.1.tlog
E:\SEMESTER_7\Nhap mon game\Do An\GameTutorial\Debug\link.5964-rc.write.1.tlog
E:\SEMESTER_7\Nhap mon game\Do An\GameTutorial\Debug\link.5964.read.1.tlog
E:\SEMESTER_7\Nhap mon game\Do An\GameTutorial\Debug\link.5964.write.1.tlog
E:\SEMESTER_7\Nhap mon game\Do An\GameTutorial\Debug\link.6012-cvtres.read.1.tlog
E:\SEMESTER_7\Nhap mon game\Do An\GameTutorial\Debug\link.6012-cvtres.write.1.tlog
E:\SEMESTER_7\Nhap mon game\Do An\GameTutorial\Debug\link.6012-rc.read.1.tlog
E:\SEMESTER_7\Nhap mon game\Do An\GameTutorial\Debug\link.6012-rc.write.1.tlog
E:\SEMESTER_7\Nhap mon game\Do An\GameTutorial\Debug\link.6012.read.1.tlog
E:\SEMESTER_7\Nhap mon game\Do An\GameTutorial\Debug\link.6012.write.1.tlog
E:\SEMESTER_7\Nhap mon game\Do An\GameTutorial\Debug\link.6072-cvtres.read.1.tlog
E:\SEMESTER_7\Nhap mon game\Do An\GameTutorial\Debug\link.6072-cvtres.write.1.tlog
E:\SEMESTER_7\Nhap mon game\Do An\GameTutorial\Debug\link.6072-rc.read.1.tlog
E:\SEMESTER_7\Nhap mon game\Do An\GameTutorial\Debug\link.6072-rc.write.1.tlog
E:\SEMESTER_7\Nhap mon game\Do An\GameTutorial\Debug\link.6072.read.1.tlog
E:\SEMESTER_7\Nhap mon game\Do An\GameTutorial\Debug\link.6072.write.1.tlog
E:\SEMESTER_7\Nhap mon game\Do An\GameTutorial\Debug\link.6152-cvtres.read.1.tlog
E:\SEMESTER_7\Nhap mon game\Do An\GameTutorial\Debug\link.6152-cvtres.write.1.tlog
E:\SEMESTER_7\Nhap mon game\Do An\GameTutorial\Debug\link.6152-rc.read.1.tlog
E:\SEMESTER_7\Nhap mon game\Do An\GameTutorial\Debug\link.6152-rc.write.1.tlog
E:\SEMESTER_7\Nhap mon game\Do An\GameTutorial\Debug\link.6152.read.1.tlog
E:\SEMESTER_7\Nhap mon game\Do An\GameTutorial\Debug\link.6152.write.1.tlog
E:\SEMESTER_7\Nhap mon game\Do An\GameTutorial\Debug\link.6188-cvtres.read.1.tlog
E:\SEMESTER_7\Nhap mon game\Do An\GameTutorial\Debug\link.6188-cvtres.write.1.tlog
E:\SEMESTER_7\Nhap mon game\Do An\GameTutorial\Debug\link.6188-rc.read.1.tlog
E:\SEMESTER_7\Nhap mon game\Do An\GameTutorial\Debug\link.6188-rc.write.1.tlog
E:\SEMESTER_7\Nhap mon game\Do An\GameTutorial\Debug\link.6188.read.1.tlog
E:\SEMESTER_7\Nhap mon game\Do An\GameTutorial\Debug\link.6188.write.1.tlog
E:\SEMESTER_7\Nhap mon game\Do An\GameTutorial\Debug\link.6812-cvtres.read.1.tlog
E:\SEMESTER_7\Nhap mon game\Do An\GameTutorial\Debug\link.6812-cvtres.write.1.tlog
E:\SEMESTER_7\Nhap mon game\Do An\GameTutorial\Debug\link.6812-rc.read.1.tlog
E:\SEMESTER_7\Nhap mon game\Do An\GameTutorial\Debug\link.6812-rc.write.1.tlog
E:\SEMESTER_7\Nhap mon game\Do An\GameTutorial\Debug\link.6812.read.1.tlog
E:\SEMESTER_7\Nhap mon game\Do An\GameTutorial\Debug\link.6812.write.1.tlog
E:\SEMESTER_7\Nhap mon game\Do An\GameTutorial\Debug\link.6856-cvtres.read.1.tlog
E:\SEMESTER_7\Nhap mon game\Do An\GameTutorial\Debug\link.6856-cvtres.write.1.tlog
E:\SEMESTER_7\Nhap mon game\Do An\GameTutorial\Debug\link.6856-rc.read.1.tlog
E:\SEMESTER_7\Nhap mon game\Do An\GameTutorial\Debug\link.6856-rc.write.1.tlog
E:\SEMESTER_7\Nhap mon game\Do An\GameTutorial\Debug\link.6856.read.1.tlog
E:\SEMESTER_7\Nhap mon game\Do An\GameTutorial\Debug\link.6856.write.1.tlog
E:\SEMESTER_7\Nhap mon game\Do An\GameTutorial\Debug\link.7104-cvtres.read.1.tlog
E:\SEMESTER_7\Nhap mon game\Do An\GameTutorial\Debug\link.7104-cvtres.write.1.tlog
E:\SEMESTER_7\Nhap mon game\Do An\GameTutorial\Debug\link.7104-rc.read.1.tlog
E:\SEMESTER_7\Nhap mon game\Do An\GameTutorial\Debug\link.7104-rc.write.1.tlog
E:\SEMESTER_7\Nhap mon game\Do An\GameTutorial\Debug\link.7104.read.1.tlog
E:\SEMESTER_7\Nhap mon game\Do An\GameTutorial\Debug\link.7104.write.1.tlog
E:\SEMESTER_7\Nhap mon game\Do An\GameTutorial\Debug\link.7304-cvtres.read.1.tlog
E:\SEMESTER_7\Nhap mon game\Do An\GameTutorial\Debug\link.7304-cvtres.write.1.tlog
E:\SEMESTER_7\Nhap mon game\Do An\GameTutorial\Debug\link.7304-rc.read.1.tlog
E:\SEMESTER_7\Nhap mon game\Do An\GameTutorial\Debug\link.7304-rc.write.1.tlog
E:\SEMESTER_7\Nhap mon game\Do An\GameTutorial\Debug\link.7304.read.1.tlog
E:\SEMESTER_7\Nhap mon game\Do An\GameTutorial\Debug\link.7304.write.1.tlog
E:\SEMESTER_7\Nhap mon game\Do An\GameTutorial\Debug\link.7340-cvtres.read.1.tlog
E:\SEMESTER_7\Nhap mon game\Do An\GameTutorial\Debug\link.7340-cvtres.write.1.tlog
E:\SEMESTER_7\Nhap mon game\Do An\GameTutorial\Debug\link.7340-rc.read.1.tlog
E:\SEMESTER_7\Nhap mon game\Do An\GameTutorial\Debug\link.7340-rc.write.1.tlog
E:\SEMESTER_7\Nhap mon game\Do An\GameTutorial\Debug\link.7340.read.1.tlog
E:\SEMESTER_7\Nhap mon game\Do An\GameTutorial\Debug\link.7340.write.1.tlog
E:\SEMESTER_7\Nhap mon game\Do An\GameTutorial\Debug\link.7344-cvtres.read.1.tlog
E:\SEMESTER_7\Nhap mon game\Do An\GameTutorial\Debug\link.7344-cvtres.write.1.tlog
E:\SEMESTER_7\Nhap mon game\Do An\GameTutorial\Debug\link.7344-rc.read.1.tlog
E:\SEMESTER_7\Nhap mon game\Do An\GameTutorial\Debug\link.7344-rc.write.1.tlog
E:\SEMESTER_7\Nhap mon game\Do An\GameTutorial\Debug\link.7344.read.1.tlog
E:\SEMESTER_7\Nhap mon game\Do An\GameTutorial\Debug\link.7344.write.1.tlog
E:\SEMESTER_7\Nhap mon game\Do An\GameTutorial\Debug\link.7572-cvtres.read.1.tlog
E:\SEMESTER_7\Nhap mon game\Do An\GameTutorial\Debug\link.7572-cvtres.write.1.tlog
E:\SEMESTER_7\Nhap mon game\Do An\GameTutorial\Debug\link.7572-rc.read.1.tlog
E:\SEMESTER_7\Nhap mon game\Do An\GameTutorial\Debug\link.7572-rc.write.1.tlog
E:\SEMESTER_7\Nhap mon game\Do An\GameTutorial\Debug\link.7572.read.1.tlog
E:\SEMESTER_7\Nhap mon game\Do An\GameTutorial\Debug\link.7572.write.1.tlog
E:\SEMESTER_7\Nhap mon game\Do An\GameTutorial\Debug\link.command.1.tlog
E:\SEMESTER_7\Nhap mon game\Do An\GameTutorial\Debug\link.read.1.tlog
E:\SEMESTER_7\Nhap mon game\Do An\GameTutorial\Debug\link.write.1.tlog
E:\SEMESTER_7\Nhap mon game\Do An\GameTutorial\Debug\vc110.idb
E:\SEMESTER_7\Nhap mon game\Do An\GameTutorial\Debug\vc110.pdb
E:\SEMESTER_7\Nhap mon game\Do An\Debug\GameTutorial.pdb
E:\SEMESTER_7\Nhap mon game\Do An\Debug\GameTutorial.exe
E:\SEMESTER_7\Nhap mon game\Do An\Debug\GameTutorial.ilk
