g:\tai lieu hoc tap\uit\hkvii\game\contragame3012\trunk\gametutorial\debug\vc120.pdb
g:\tai lieu hoc tap\uit\hkvii\game\contragame3012\trunk\gametutorial\debug\vc120.idb
g:\tai lieu hoc tap\uit\hkvii\game\contragame3012\trunk\gametutorial\debug\csweapon.obj
g:\tai lieu hoc tap\uit\hkvii\game\contragame3012\trunk\gametutorial\debug\ctank.obj
g:\tai lieu hoc tap\uit\hkvii\game\contragame3012\trunk\gametutorial\debug\ctexture.obj
g:\tai lieu hoc tap\uit\hkvii\game\contragame3012\trunk\gametutorial\debug\cview.obj
g:\tai lieu hoc tap\uit\hkvii\game\contragame3012\trunk\gametutorial\debug\cdynamicobject.obj
g:\tai lieu hoc tap\uit\hkvii\game\contragame3012\trunk\gametutorial\debug\cwallturret.obj
g:\tai lieu hoc tap\uit\hkvii\game\contragame3012\trunk\gametutorial\debug\cweapon.obj
g:\tai lieu hoc tap\uit\hkvii\game\contragame3012\trunk\gametutorial\debug\cenemyeffect.obj
g:\tai lieu hoc tap\uit\hkvii\game\contragame3012\trunk\gametutorial\debug\main.obj
g:\tai lieu hoc tap\uit\hkvii\game\contragame3012\trunk\gametutorial\debug\cstatemanagement.obj
g:\tai lieu hoc tap\uit\hkvii\game\contragame3012\trunk\gametutorial\debug\cstaticobject.obj
g:\tai lieu hoc tap\uit\hkvii\game\contragame3012\trunk\gametutorial\debug\cbulletdefensecannon.obj
g:\tai lieu hoc tap\uit\hkvii\game\contragame3012\trunk\gametutorial\debug\cdefensecannon.obj
g:\tai lieu hoc tap\uit\hkvii\game\contragame3012\trunk\gametutorial\debug\cdefensecannongun.obj
g:\tai lieu hoc tap\uit\hkvii\game\contragame3012\trunk\gametutorial\debug\cdefensecannonturret.obj
g:\tai lieu hoc tap\uit\hkvii\game\contragame3012\trunk\gametutorial\debug\cpoolingobject.obj
g:\tai lieu hoc tap\uit\hkvii\game\contragame3012\trunk\gametutorial\debug\cbridge.obj
g:\tai lieu hoc tap\uit\hkvii\game\contragame3012\trunk\gametutorial\debug\cmanageaudio.obj
g:\tai lieu hoc tap\uit\hkvii\game\contragame3012\trunk\gametutorial\debug\csoundutil.obj
g:\tai lieu hoc tap\uit\hkvii\game\contragame3012\trunk\gametutorial\debug\ccapsuleboss.obj
g:\tai lieu hoc tap\uit\hkvii\game\contragame3012\trunk\gametutorial\debug\cfactorydynamicobject.obj
g:\tai lieu hoc tap\uit\hkvii\game\contragame3012\trunk\gametutorial\debug\cfactorystaticobject.obj
g:\tai lieu hoc tap\uit\hkvii\game\contragame3012\trunk\gametutorial\debug\cfileutil.obj
g:\tai lieu hoc tap\uit\hkvii\game\contragame3012\trunk\gametutorial\debug\cgame.obj
g:\tai lieu hoc tap\uit\hkvii\game\contragame3012\trunk\gametutorial\debug\cgamecontra.obj
g:\tai lieu hoc tap\uit\hkvii\game\contragame3012\trunk\gametutorial\debug\cgameobject.obj
g:\tai lieu hoc tap\uit\hkvii\game\contragame3012\trunk\gametutorial\debug\chidenobject.obj
g:\tai lieu hoc tap\uit\hkvii\game\contragame3012\trunk\gametutorial\debug\cinput.obj
g:\tai lieu hoc tap\uit\hkvii\game\contragame3012\trunk\gametutorial\debug\cloadbackground.obj
g:\tai lieu hoc tap\uit\hkvii\game\contragame3012\trunk\gametutorial\debug\cloadgameobject.obj
g:\tai lieu hoc tap\uit\hkvii\game\contragame3012\trunk\gametutorial\debug\cmanagementtexture.obj
g:\tai lieu hoc tap\uit\hkvii\game\contragame3012\trunk\gametutorial\debug\cquadnode.obj
g:\tai lieu hoc tap\uit\hkvii\game\contragame3012\trunk\gametutorial\debug\cquadobject.obj
g:\tai lieu hoc tap\uit\hkvii\game\contragame3012\trunk\gametutorial\debug\cquadtree.obj
g:\tai lieu hoc tap\uit\hkvii\game\contragame3012\trunk\gametutorial\debug\csoldiershoot.obj
g:\tai lieu hoc tap\uit\hkvii\game\contragame3012\trunk\gametutorial\debug\csprite.obj
g:\tai lieu hoc tap\uit\hkvii\game\contragame3012\trunk\gametutorial\debug\cstate.obj
g:\tai lieu hoc tap\uit\hkvii\game\contragame3012\trunk\gametutorial\debug\cstategameplay.obj
g:\tai lieu hoc tap\uit\hkvii\game\contragame3012\trunk\gametutorial\debug\cstatemenu.obj
g:\tai lieu hoc tap\uit\hkvii\game\contragame3012\trunk\gametutorial\debug\cbridgestone.obj
g:\tai lieu hoc tap\uit\hkvii\game\contragame3012\trunk\gametutorial\debug\cbulletlaze.obj
g:\tai lieu hoc tap\uit\hkvii\game\contragame3012\trunk\gametutorial\debug\cbulletm.obj
g:\tai lieu hoc tap\uit\hkvii\game\contragame3012\trunk\gametutorial\debug\cbulletmechanicalalien.obj
g:\tai lieu hoc tap\uit\hkvii\game\contragame3012\trunk\gametutorial\debug\cbulletn.obj
g:\tai lieu hoc tap\uit\hkvii\game\contragame3012\trunk\gametutorial\debug\cbullets.obj
g:\tai lieu hoc tap\uit\hkvii\game\contragame3012\trunk\gametutorial\debug\cbulletscubasolider.obj
g:\tai lieu hoc tap\uit\hkvii\game\contragame3012\trunk\gametutorial\debug\ccamera.obj
g:\tai lieu hoc tap\uit\hkvii\game\contragame3012\trunk\gametutorial\debug\ccollision.obj
g:\tai lieu hoc tap\uit\hkvii\game\contragame3012\trunk\gametutorial\debug\ccontra.obj
g:\tai lieu hoc tap\uit\hkvii\game\contragame3012\trunk\gametutorial\debug\cdevice.obj
g:\tai lieu hoc tap\uit\hkvii\game\contragame3012\trunk\gametutorial\debug\cdrawobject.obj
g:\tai lieu hoc tap\uit\hkvii\game\contragame3012\trunk\gametutorial\debug\ceffectbackground.obj
g:\tai lieu hoc tap\uit\hkvii\game\contragame3012\trunk\gametutorial\debug\cexplosioneffect.obj
g:\tai lieu hoc tap\uit\hkvii\game\contragame3012\trunk\gametutorial\debug\cfileconfig.obj
g:\tai lieu hoc tap\uit\hkvii\game\contragame3012\trunk\gametutorial\debug\cfirebridge.obj
g:\tai lieu hoc tap\uit\hkvii\game\contragame3012\trunk\gametutorial\debug\cgroundcannon.obj
g:\tai lieu hoc tap\uit\hkvii\game\contragame3012\trunk\gametutorial\debug\cgunner.obj
g:\tai lieu hoc tap\uit\hkvii\game\contragame3012\trunk\gametutorial\debug\cscubasolider.obj
g:\tai lieu hoc tap\uit\hkvii\game\contragame3012\trunk\gametutorial\debug\csniper.obj
g:\tai lieu hoc tap\uit\hkvii\game\contragame3012\trunk\gametutorial\debug\csoldier.obj
g:\tai lieu hoc tap\uit\hkvii\game\contragame3012\trunk\gametutorial\debug\canimation.obj
g:\tai lieu hoc tap\uit\hkvii\game\contragame3012\trunk\gametutorial\debug\cbigcapsule.obj
g:\tai lieu hoc tap\uit\hkvii\game\contragame3012\trunk\gametutorial\debug\cbigstone.obj
g:\tai lieu hoc tap\uit\hkvii\game\contragame3012\trunk\gametutorial\debug\cbridgefire.obj
g:\tai lieu hoc tap\uit\hkvii\game\contragame3012\trunk\gametutorial\debug\cbullet.obj
g:\tai lieu hoc tap\uit\hkvii\game\contragame3012\trunk\gametutorial\debug\cbulletcapsule.obj
g:\tai lieu hoc tap\uit\hkvii\game\contragame3012\trunk\gametutorial\debug\cbulletf.obj
g:\tai lieu hoc tap\uit\hkvii\game\contragame3012\trunk\gametutorial\debug\cbulletitem.obj
g:\tai lieu hoc tap\uit\hkvii\game\contragame3012\trunk\gametutorial\debug\cbulletl.obj
g:\tai lieu hoc tap\uit\hkvii\game\contragame3012\trunk\gametutorial\debug\gametutorial.ilk
g:\tai lieu hoc tap\uit\hkvii\game\contragame3012\trunk\gametutorial\debug\gametutorial.exe
g:\tai lieu hoc tap\uit\hkvii\game\contragame3012\trunk\gametutorial\debug\gametutorial.pdb
g:\tai lieu hoc tap\uit\hkvii\game\contragame3012\trunk\gametutorial\debug\gametutorial.tlog\cl.command.1.tlog
g:\tai lieu hoc tap\uit\hkvii\game\contragame3012\trunk\gametutorial\debug\gametutorial.tlog\cl.read.1.tlog
g:\tai lieu hoc tap\uit\hkvii\game\contragame3012\trunk\gametutorial\debug\gametutorial.tlog\cl.write.1.tlog
g:\tai lieu hoc tap\uit\hkvii\game\contragame3012\trunk\gametutorial\debug\gametutorial.tlog\link.command.1.tlog
g:\tai lieu hoc tap\uit\hkvii\game\contragame3012\trunk\gametutorial\debug\gametutorial.tlog\link.read.1.tlog
g:\tai lieu hoc tap\uit\hkvii\game\contragame3012\trunk\gametutorial\debug\gametutorial.tlog\link.write.1.tlog
